<<<<<<< HEAD
2022zxj_22S05 300 V 00 00 51 -02 18 02 2000.0 1 0 0
2022zxj_22S05 300 R 00 00 51 -02 18 02 2000.0 1 0 0
2022ucj_22S02 180 V 00 18 03 -16 18 21 2000.0 1 0 0
2022udc_22S02 180 V 00 17 35 -10 18 30 2000.0 1 0 0
2022ywf_22S05 300 V 01 22 12 +00 57 23 2000.0 1 0 0
2022ywf_22S05 300 R 01 22 12 +00 57 23 2000.0 1 0 0
2022ssk_22S02 180 V 00 09 57 -05 50 54 2000.0 1 0 0
2022ydv_22S02 180 V 01 18 55 -60 39 14 2000.0 1 0 0
=======
73P-JD001_22S01 30 R 21 18 40 -26 27 38 2000.0 4 0 0
73P-BU_22S01 120 R 22 04 43 -23 17 18 2000.0 1 0 0
2022jzx_22S05 300 R 01 02 09 -04 14 06 2000.0 1 0 0
73P-BV_22S01 120 R 21 56 17 -23 59 20 2000.0 1 0 0
2022xhd_22S02 180 V 00 14 38 -17 39 51 2000.0 1 0 0
2022ucj_22S02 180 V 00 18 03 -16 18 21 2000.0 1 0 0
2022udc_22S02 180 V 00 17 35 -10 18 30 2000.0 1 0 0
2022vye_22S02 180 V 01 35 13 +02 20 28 2000.0 1 0 0
2022ssk_22S02 180 V 00 09 57 -05 50 54 2000.0 1 0 0
395P_22S01 120 R 23 03 38 -03 23 23 2000.0 1 0 0
>>>>>>> 3e24dfac93cc92691d18de3e8beb44f2fdd3df85
