<<<<<<< HEAD
2022ydu_22S02 180 V 00 43 09 -24 27 04 2000.0 1 0 0
2022tiv_22S02 180 V 01 25 35 -22 44 07 2000.0 1 0 0
2022abid_22S05 300 R 02 07 19 -25 26 26 2000.0 1 0 0
2022abid_22S05 300 V 02 07 19 -25 26 26 2000.0 1 0 0
2022xoz_22S05 300 R 02 50 25 +05 47 37 2000.0 1 0 0
2022yvv_22S05 300 V 02 41 43 -22 48 51 2000.0 1 0 0
2022yvv_22S05 300 R 02 41 43 -22 48 51 2000.0 1 0 0
=======
2022ydv_22S02 180 V 01 18 55 -60 39 14 2000.0 1 0 0
2022tiv_22S02 180 V 01 25 35 -22 44 07 2000.0 1 0 0
2022wsq_22S02 180 V 00 05 19 +15 36 09 2000.0 1 0 0
2022wbc_22S02 180 V 01 28 31 +07 08 07 2000.0 1 0 0
2022ywf_22S02 180 V 00 05 28 +00 57 23 2000.0 1 0 0
2021aefx_22S02 180 V 00 17 19 -54 56 53 2000.0 1 0 0
2022ihz_22S02 180 V 00 38 51 -03 36 25 2000.0 1 0 0
2022aaaw_22S02 180 V 00 04 24 +01 21 42 2000.0 1 0 0
2022zxj_22S02 180 V 00 00 03 -02 18 02 2000.0 1 0 0
2022zut_22S02 180 V 00 46 43 +11 28 10 2000.0 1 0 0
2022yxp_22S02 180 V 00 19 44 +01 49 06 2000.0 1 0 0
>>>>>>> 3e24dfac93cc92691d18de3e8beb44f2fdd3df85
